This file contains any messages produced by compilers while
running configure, to aid debugging if configure makes a mistake.

It was created by freedom-metal configure v0.1.2, which was
generated by GNU Autoconf 2.69.  Invocation command line was

  $ /C/FreedomStudio/SiFive/freedom-e-sdk-v20.05.00.02/freedom-metal/configure --host=riscv64-unknown-elf --prefix=/C/Users/YoungBeom/wsFreedomStudio/qemu_sifive_e31_hello/bsp/install --libdir=/C/Users/YoungBeom/wsFreedomStudio/qemu_sifive_e31_hello/bsp/install/lib/release --with-builtin-libgloss --with-machine-header=/C/Users/YoungBeom/wsFreedomStudio/qemu_sifive_e31_hello/bsp/metal.h --with-machine-inline=/C/Users/YoungBeom/wsFreedomStudio/qemu_sifive_e31_hello/bsp/metal-inline.h --with-platform-header=/C/Users/YoungBeom/wsFreedomStudio/qemu_sifive_e31_hello/bsp/metal-platform.h

## --------- ##
## Platform. ##
## --------- ##

hostname = DESKTOP-P2MDTB2
uname -m = x86_64
uname -r = 3.0.7-338.x86_64
uname -s = MSYS_NT-10.0-18363
uname -v = 2019-05-24 10:50 UTC

/usr/bin/uname -p = unknown
/bin/uname -X     = unknown

/bin/arch              = x86_64
/usr/bin/arch -k       = unknown
/usr/convex/getsysinfo = unknown
/usr/bin/hostinfo      = unknown
/bin/machine           = unknown
/usr/bin/oslevel       = unknown
/bin/universe          = unknown

PATH: /C/FreedomStudio/SiFive/riscv64-unknown-elf-gcc-8.3.0-2020.04.1/bin
PATH: /c/FreedomStudio/SiFive/sdk-utilities-0.1.0-2020.04.0
PATH: /usr/bin
PATH: /c/FreedomStudio/SiFive/riscv64-unknown-elf-gcc-8.3.0-2020.04.1/bin
PATH: /c/FreedomStudio/jre/bin/j9vm
PATH: /c/FreedomStudio/jre/bin
PATH: /c/Windows/system32
PATH: /c/Windows
PATH: /c/Windows/System32/Wbem
PATH: /c/Windows/System32/WindowsPowerShell/v1.0
PATH: /c/Windows/System32/OpenSSH
PATH: /c/Program Files/dotnet
PATH: /c/Program Files/Git/cmd
PATH: /c/Users/김영범/AppData/Local/Microsoft/WindowsApps
PATH: /c/Users/김영범/AppData/Local/Programs/Microsoft VS Code/bin
PATH: /c/Program Files/Bandizip
PATH: /c/MinGW/bin
PATH: /c/Users/김영범/AppData/Local/GitHubDesktop/bin
PATH: /c/Program Files (x86)/GnuWin32/bin
PATH: /c/FreedomStudio


## ----------- ##
## Core tests. ##
## ----------- ##

configure:1903: checking for a BSD-compatible install

## ---------------------- ##
## Running config.status. ##
## ---------------------- ##

This file was extended by freedom-metal config.status v0.1.2, which was
generated by GNU Autoconf 2.69.  Invocation command line was

  CONFIG_FILES    = 
  CONFIG_HEADERS  = 
  CONFIG_LINKS    = 
  CONFIG_COMMANDS = 
  $ ./config.status 

on DESKTOP-P2MDTB2

configure:1971: result: /usr/bin/install -c
configure:1982: checking whether build environment is sane
configure:2037: result: yes
config.status:801: creating Makefile
configure:2096: checking for riscv64-unknown-elf-strip
configure:2112: found /C/FreedomStudio/SiFive/riscv64-unknown-elf-gcc-8.3.0-2020.04.1/bin/riscv64-unknown-elf-strip
configure:2123: result: riscv64-unknown-elf-strip
configure:2188: checking for a thread-safe mkdir -p
configure:2227: result: /usr/bin/mkdir -p
configure:2234: checking for gawk
configure:2250: found /usr/bin/gawk
configure:2261: result: gawk
configure:2272: checking whether make sets $(MAKE)
config.status:958: executing depfiles commands
configure:2294: result: yes
configure:2323: checking whether make supports nested variables
configure:2340: result: yes
configure:2467: checking whether to enable maintainer-specific portions of Makefiles
configure:2476: result: no
configure:2495: checking build system type
configure:2509: result: x86_64-pc-msys
configure:2529: checking host system type
configure:2542: result: riscv64-unknown-elf
configure:2572: checking for riscv64-unknown-elf-gcc
configure:2588: found /C/FreedomStudio/SiFive/riscv64-unknown-elf-gcc-8.3.0-2020.04.1/bin/riscv64-unknown-elf-gcc
configure:2599: result: riscv64-unknown-elf-gcc
configure:2868: checking for C compiler version
configure:2877: riscv64-unknown-elf-gcc --version >&5
riscv64-unknown-elf-gcc.exe (SiFive GCC 8.3.0-2020.04.1) 8.3.0
Copyright (C) 2018 Free Software Foundation, Inc.
This is free software; see the source for copying conditions.  There is NO
warranty; not even for MERCHANTABILITY or FITNESS FOR A PARTICULAR PURPOSE.

configure:2888: $? = 0
configure:2877: riscv64-unknown-elf-gcc -v >&5
Using built-in specs.
COLLECT_GCC=C:\FreedomStudio\SiFive\riscv64-unknown-elf-gcc-8.3.0-2020.04.1\bin\riscv64-unknown-elf-gcc.exe
COLLECT_LTO_WRAPPER=c:/freedomstudio/sifive/riscv64-unknown-elf-gcc-8.3.0-2020.04.1/bin/../libexec/gcc/riscv64-unknown-elf/8.3.0/lto-wrapper.exe
Target: riscv64-unknown-elf
Configured with: /scratch/jenkins/workspace/tpp-freedom-tools/tpp03--build-binary-packages--parameterized/obj/x86_64-w64-mingw32/build/riscv-gnu-toolchain/riscv-gcc/configure --target=riscv64-unknown-elf --host=x86_64-w64-mingw32 --prefix=/scratch/jenkins/workspace/tpp-freedom-tools/tpp03--build-binary-packages--parameterized/obj/x86_64-w64-mingw32/install/riscv64-unknown-elf-gcc-8.3.0-2020.04.1-x86_64-w64-mingw32 --with-pkgversion='SiFive GCC 8.3.0-2020.04.1' --with-bugurl=https://github.com/sifive/freedom-tools/issues --disable-shared --disable-threads --enable-languages=c,c++ --enable-tls --with-newlib --with-sysroot=/scratch/jenkins/workspace/tpp-freedom-tools/tpp03--build-binary-packages--parameterized/obj/x86_64-w64-mingw32/install/riscv64-unknown-elf-gcc-8.3.0-2020.04.1-x86_64-w64-mingw32/riscv64-unknown-elf --with-native-system-header-dir=/include --disable-libmudflap --disable-libssp --disable-libquadmath --disable-libgomp --disable-nls --disable-tm-clone-registry --src=../riscv-gcc --without-system-zlib --enable-checking=yes --enable-multilib --with-abi=lp64d --with-arch=rv64imafdc CFLAGS=-O2 CXXFLAGS=-O2 'CFLAGS_FOR_TARGET=-Os  -mcmodel=medany' 'CXXFLAGS_FOR_TARGET=-Os  -mcmodel=medany'
Thread model: single
gcc version 8.3.0 (SiFive GCC 8.3.0-2020.04.1) 
configure:2888: $? = 0
configure:2877: riscv64-unknown-elf-gcc -V >&5
riscv64-unknown-elf-gcc.exe: error: unrecognized command line option '-V'
riscv64-unknown-elf-gcc.exe: fatal error: no input files
compilation terminated.
configure:2888: $? = 1
configure:2877: riscv64-unknown-elf-gcc -qversion >&5
riscv64-unknown-elf-gcc.exe: error: unrecognized command line option '-qversion'; did you mean '--version'?
riscv64-unknown-elf-gcc.exe: fatal error: no input files
compilation terminated.
configure:2888: $? = 1
configure:2908: checking whether the C compiler works
configure:2930: riscv64-unknown-elf-gcc -march=rv32imac -mabi=ilp32 -mcmodel=medlow -ffunction-sections -fdata-sections -I/C/Users/YoungBeom/wsFreedomStudio/qemu_sifive_e31_hello/bsp/install/include --specs=nano.specs -DMTIME_RATE_HZ_DEF=10000000 -Os   conftest.c  >&5
configure:2934: $? = 0
configure:2982: result: yes
configure:2985: checking for C compiler default output file name
configure:2987: result: a.out
configure:2993: checking for suffix of executables
configure:3000: riscv64-unknown-elf-gcc -o conftest -march=rv32imac -mabi=ilp32 -mcmodel=medlow -ffunction-sections -fdata-sections -I/C/Users/YoungBeom/wsFreedomStudio/qemu_sifive_e31_hello/bsp/install/include --specs=nano.specs -DMTIME_RATE_HZ_DEF=10000000 -Os   conftest.c  >&5
configure:3004: $? = 0
configure:3026: result: 
configure:3048: checking whether we are cross compiling
configure:3056: riscv64-unknown-elf-gcc -o conftest -march=rv32imac -mabi=ilp32 -mcmodel=medlow -ffunction-sections -fdata-sections -I/C/Users/YoungBeom/wsFreedomStudio/qemu_sifive_e31_hello/bsp/install/include --specs=nano.specs -DMTIME_RATE_HZ_DEF=10000000 -Os   conftest.c  >&5
configure:3060: $? = 0
configure:3067: ./conftest
/C/FreedomStudio/SiFive/freedom-e-sdk-v20.05.00.02/freedom-metal/configure: line 3069: ./conftest: cannot execute binary file: Exec format error
configure:3071: $? = 126
configure:3086: result: yes
configure:3091: checking for suffix of object files
configure:3113: riscv64-unknown-elf-gcc -c -march=rv32imac -mabi=ilp32 -mcmodel=medlow -ffunction-sections -fdata-sections -I/C/Users/YoungBeom/wsFreedomStudio/qemu_sifive_e31_hello/bsp/install/include --specs=nano.specs -DMTIME_RATE_HZ_DEF=10000000 -Os  conftest.c >&5
configure:3117: $? = 0
configure:3138: result: o
configure:3142: checking whether we are using the GNU C compiler
configure:3161: riscv64-unknown-elf-gcc -c -march=rv32imac -mabi=ilp32 -mcmodel=medlow -ffunction-sections -fdata-sections -I/C/Users/YoungBeom/wsFreedomStudio/qemu_sifive_e31_hello/bsp/install/include --specs=nano.specs -DMTIME_RATE_HZ_DEF=10000000 -Os  conftest.c >&5
configure:3161: $? = 0
configure:3170: result: yes
configure:3179: checking whether riscv64-unknown-elf-gcc accepts -g
configure:3199: riscv64-unknown-elf-gcc -c -g  conftest.c >&5
configure:3199: $? = 0
configure:3240: result: yes
configure:3257: checking for riscv64-unknown-elf-gcc option to accept ISO C89
configure:3320: riscv64-unknown-elf-gcc  -c -march=rv32imac -mabi=ilp32 -mcmodel=medlow -ffunction-sections -fdata-sections -I/C/Users/YoungBeom/wsFreedomStudio/qemu_sifive_e31_hello/bsp/install/include --specs=nano.specs -DMTIME_RATE_HZ_DEF=10000000 -Os  conftest.c >&5
configure:3320: $? = 0
configure:3333: result: none needed
configure:3358: checking whether riscv64-unknown-elf-gcc understands -c and -o together
configure:3380: riscv64-unknown-elf-gcc -c conftest.c -o conftest2.o
configure:3383: $? = 0
configure:3380: riscv64-unknown-elf-gcc -c conftest.c -o conftest2.o
configure:3383: $? = 0
configure:3395: result: yes
configure:3423: checking for style of include used by make
configure:3451: result: GNU
configure:3477: checking dependency style of riscv64-unknown-elf-gcc
configure:3588: result: gcc3
configure:3606: checking for riscv64-unknown-elf-ranlib
configure:3622: found /C/FreedomStudio/SiFive/riscv64-unknown-elf-gcc-8.3.0-2020.04.1/bin/riscv64-unknown-elf-ranlib
configure:3633: result: riscv64-unknown-elf-ranlib
configure:3701: checking for riscv64-unknown-elf-ar
configure:3717: found /C/FreedomStudio/SiFive/riscv64-unknown-elf-gcc-8.3.0-2020.04.1/bin/riscv64-unknown-elf-ar
configure:3728: result: riscv64-unknown-elf-ar
configure:3798: checking the archiver (riscv64-unknown-elf-ar) interface
configure:3814: riscv64-unknown-elf-gcc -c -march=rv32imac -mabi=ilp32 -mcmodel=medlow -ffunction-sections -fdata-sections -I/C/Users/YoungBeom/wsFreedomStudio/qemu_sifive_e31_hello/bsp/install/include --specs=nano.specs -DMTIME_RATE_HZ_DEF=10000000 -Os  conftest.c >&5
configure:3814: $? = 0
configure:3816: riscv64-unknown-elf-ar cru libconftest.a conftest.o >&5
configure:3819: $? = 0

## ---------------- ##
## Cache variables. ##
## ---------------- ##

configure:3847: result: ar
configure:3876: checking dependency style of riscv64-unknown-elf-gcc
ac_cv_build=x86_64-pc-msys
ac_cv_c_compiler_gnu=yes
ac_cv_env_CCASFLAGS_set=
ac_cv_env_CCASFLAGS_value=
ac_cv_env_CCAS_set=
ac_cv_env_CCAS_value=
ac_cv_env_CC_set=
ac_cv_env_CC_value=
ac_cv_env_CFLAGS_set=set
ac_cv_env_CFLAGS_value='-march=rv32imac -mabi=ilp32 -mcmodel=medlow -ffunction-sections -fdata-sections -I/C/Users/YoungBeom/wsFreedomStudio/qemu_sifive_e31_hello/bsp/install/include --specs=nano.specs -DMTIME_RATE_HZ_DEF=10000000 -Os'
ac_cv_env_CPPFLAGS_set=
ac_cv_env_CPPFLAGS_value=
ac_cv_env_LDFLAGS_set=
ac_cv_env_LDFLAGS_value=
ac_cv_env_LIBS_set=
ac_cv_env_LIBS_value=
ac_cv_env_build_alias_set=
ac_cv_env_build_alias_value=
ac_cv_env_host_alias_set=set
ac_cv_env_host_alias_value=riscv64-unknown-elf
ac_cv_env_target_alias_set=
ac_cv_env_target_alias_value=
ac_cv_host=riscv64-unknown-elf
ac_cv_objext=o
ac_cv_path_install='/usr/bin/install -c'
ac_cv_path_mkdir=/usr/bin/mkdir
ac_cv_prog_AR=riscv64-unknown-elf-ar
ac_cv_prog_AWK=gawk
ac_cv_prog_CC=riscv64-unknown-elf-gcc
ac_cv_prog_RANLIB=riscv64-unknown-elf-ranlib
ac_cv_prog_STRIP=riscv64-unknown-elf-strip
ac_cv_prog_cc_c89=
ac_cv_prog_cc_g=yes
ac_cv_prog_make_make_set=yes
am_cv_CCAS_dependencies_compiler_type=gcc3
am_cv_CC_dependencies_compiler_type=gcc3
am_cv_ar_interface=ar
am_cv_make_support_nested_variables=yes
am_cv_prog_cc_c_o=yes

## ----------------- ##
## Output variables. ##
## ----------------- ##

ACLOCAL='${SHELL} /C/FreedomStudio/SiFive/freedom-e-sdk-v20.05.00.02/freedom-metal/missing aclocal-1.15'
AMDEPBACKSLASH='\'
AMDEP_FALSE='#'
AMDEP_TRUE=''
AMTAR='$${TAR-tar}'
AM_BACKSLASH='\'
AM_DEFAULT_V='$(AM_DEFAULT_VERBOSITY)'
AM_DEFAULT_VERBOSITY='1'
AM_V='$(V)'
AR='riscv64-unknown-elf-ar'
AUTOCONF='${SHELL} /C/FreedomStudio/SiFive/freedom-e-sdk-v20.05.00.02/freedom-metal/missing autoconf'
AUTOHEADER='${SHELL} /C/FreedomStudio/SiFive/freedom-e-sdk-v20.05.00.02/freedom-metal/missing autoheader'
AUTOMAKE='${SHELL} /C/FreedomStudio/SiFive/freedom-e-sdk-v20.05.00.02/freedom-metal/missing automake-1.15'
AWK='gawk'
CC='riscv64-unknown-elf-gcc'
CCAS='riscv64-unknown-elf-gcc'
CCASDEPMODE='depmode=gcc3'
CCASFLAGS='-march=rv32imac -mabi=ilp32 -mcmodel=medlow -ffunction-sections -fdata-sections -I/C/Users/YoungBeom/wsFreedomStudio/qemu_sifive_e31_hello/bsp/install/include --specs=nano.specs -DMTIME_RATE_HZ_DEF=10000000 -Os'
CCDEPMODE='depmode=gcc3'
CFLAGS='-march=rv32imac -mabi=ilp32 -mcmodel=medlow -ffunction-sections -fdata-sections -I/C/Users/YoungBeom/wsFreedomStudio/qemu_sifive_e31_hello/bsp/install/include --specs=nano.specs -DMTIME_RATE_HZ_DEF=10000000 -Os'
CPPFLAGS=''
CYGPATH_W='cygpath -w'
DEFS=''
DEPDIR='.deps'
ECHO_C=''
ECHO_N='-n'
ECHO_T=''
EXEEXT=''
INSTALL_DATA='${INSTALL} -m 644'
INSTALL_PROGRAM='${INSTALL}'
INSTALL_SCRIPT='${INSTALL}'
INSTALL_STRIP_PROGRAM='$(install_sh) -c -s'
LDFLAGS=''
LIBOBJS=''
LIBS=''
LTLIBOBJS=''
MACHINE_HEADER='/C/Users/YoungBeom/wsFreedomStudio/qemu_sifive_e31_hello/bsp/metal.h'
MACHINE_INLINE='/C/Users/YoungBeom/wsFreedomStudio/qemu_sifive_e31_hello/bsp/metal-inline.h'
MAINT='#'
MAINTAINER_MODE_FALSE=''
MAINTAINER_MODE_TRUE='#'
MAKEINFO='${SHELL} /C/FreedomStudio/SiFive/freedom-e-sdk-v20.05.00.02/freedom-metal/missing makeinfo'
MKDIR_P='/usr/bin/mkdir -p'
OBJEXT='o'
PACKAGE='freedom-metal'
PACKAGE_BUGREPORT='https://github.com/sifive/freedom-metal/issues'
PACKAGE_NAME='freedom-metal'
PACKAGE_STRING='freedom-metal v0.1.2'
PACKAGE_TARNAME='freedom-metal'
PACKAGE_URL='https://github.com/sifive/freedom-metal'
PACKAGE_VERSION='v0.1.2'
PATH_SEPARATOR=':'
PLATFORM_HEADER='/C/Users/YoungBeom/wsFreedomStudio/qemu_sifive_e31_hello/bsp/metal-platform.h'
RANLIB='riscv64-unknown-elf-ranlib'
SET_MAKE=''
SHELL='/bin/sh'
STRIP='riscv64-unknown-elf-strip'
VERSION='v0.1.2'
WITH_BUILTIN_LIBGLOSS_FALSE='#'
WITH_BUILTIN_LIBGLOSS_TRUE=''
WITH_BUILTIN_LIBMETAL_PICO_FALSE=''
WITH_BUILTIN_LIBMETAL_PICO_TRUE='#'
ac_ct_AR=''
ac_ct_CC=''
am__EXEEXT_FALSE=''
am__EXEEXT_TRUE='#'
am__fastdepCCAS_FALSE='#'
am__fastdepCCAS_TRUE=''
am__fastdepCC_FALSE='#'
am__fastdepCC_TRUE=''
am__include='include'
am__isrc=' -I$(srcdir)'
am__leading_dot='.'
am__nodep='_no'
am__quote=''
am__tar='$${TAR-tar} chof - "$$tardir"'
am__untar='$${TAR-tar} xf -'
bindir='${exec_prefix}/bin'
build='x86_64-pc-msys'
build_alias=''
build_cpu='x86_64'
build_os='msys'
build_vendor='pc'
datadir='${datarootdir}'
datarootdir='${prefix}/share'
docdir='${datarootdir}/doc/${PACKAGE_TARNAME}'
dvidir='${docdir}'
exec_prefix='${prefix}'
host='riscv64-unknown-elf'
host_alias='riscv64-unknown-elf'
host_cpu='riscv64'
host_os='elf'
host_vendor='unknown'
htmldir='${docdir}'
includedir='${prefix}/include'
infodir='${datarootdir}/info'
install_sh='${SHELL} /C/FreedomStudio/SiFive/freedom-e-sdk-v20.05.00.02/freedom-metal/install-sh'
libdir='/C/Users/YoungBeom/wsFreedomStudio/qemu_sifive_e31_hello/bsp/install/lib/release'
libexecdir='${exec_prefix}/libexec'
localedir='${datarootdir}/locale'
localstatedir='${prefix}/var'
mandir='${datarootdir}/man'
mkdir_p='$(MKDIR_P)'
oldincludedir='/usr/include'
pdfdir='${docdir}'
prefix='/C/Users/YoungBeom/wsFreedomStudio/qemu_sifive_e31_hello/bsp/install'
program_transform_name='s,x,x,'
psdir='${docdir}'
runstatedir='${localstatedir}/run'
sbindir='${exec_prefix}/sbin'
sharedstatedir='${prefix}/com'
sysconfdir='${prefix}/etc'
target_alias=''

## ----------- ##
## confdefs.h. ##
## ----------- ##

/* confdefs.h */
#define PACKAGE_NAME "freedom-metal"
#define PACKAGE_TARNAME "freedom-metal"
#define PACKAGE_VERSION "v0.1.2"
#define PACKAGE_STRING "freedom-metal v0.1.2"
#define PACKAGE_BUGREPORT "https://github.com/sifive/freedom-metal/issues"
#define PACKAGE_URL "https://github.com/sifive/freedom-metal"
#define PACKAGE "freedom-metal"
#define VERSION "v0.1.2"

configure: exit 0

## ---------------- ##
## Cache variables. ##
## ---------------- ##

ac_cv_build=x86_64-pc-msys
ac_cv_c_compiler_gnu=yes
ac_cv_env_CCASFLAGS_set=
ac_cv_env_CCASFLAGS_value=
ac_cv_env_CCAS_set=
ac_cv_env_CCAS_value=
ac_cv_env_CC_set=
ac_cv_env_CC_value=
ac_cv_env_CFLAGS_set=set
ac_cv_env_CFLAGS_value='-march=rv32imac -mabi=ilp32 -mcmodel=medlow -ffunction-sections -fdata-sections -I/C/Users/YoungBeom/wsFreedomStudio/qemu_sifive_e31_hello/bsp/install/include --specs=nano.specs -DMTIME_RATE_HZ_DEF=10000000 -Os'
ac_cv_env_CPPFLAGS_set=
ac_cv_env_CPPFLAGS_value=
ac_cv_env_LDFLAGS_set=
ac_cv_env_LDFLAGS_value=
ac_cv_env_LIBS_set=
ac_cv_env_LIBS_value=
ac_cv_env_build_alias_set=
ac_cv_env_build_alias_value=
ac_cv_env_host_alias_set=set
ac_cv_env_host_alias_value=riscv64-unknown-elf
ac_cv_env_target_alias_set=
ac_cv_env_target_alias_value=
ac_cv_host=riscv64-unknown-elf
ac_cv_objext=o
ac_cv_path_install='/usr/bin/install -c'
ac_cv_path_mkdir=/usr/bin/mkdir
ac_cv_prog_AR=riscv64-unknown-elf-ar
ac_cv_prog_AWK=gawk
ac_cv_prog_CC=riscv64-unknown-elf-gcc
ac_cv_prog_RANLIB=riscv64-unknown-elf-ranlib
ac_cv_prog_STRIP=riscv64-unknown-elf-strip
ac_cv_prog_cc_c89=
ac_cv_prog_cc_g=yes
ac_cv_prog_make_make_set=yes
am_cv_CCAS_dependencies_compiler_type=none
am_cv_CC_dependencies_compiler_type=gcc3
am_cv_ar_interface=ar
am_cv_make_support_nested_variables=yes
am_cv_prog_cc_c_o=yes

## ----------------- ##
## Output variables. ##
## ----------------- ##

ACLOCAL='${SHELL} /C/FreedomStudio/SiFive/freedom-e-sdk-v20.05.00.02/freedom-metal/missing aclocal-1.15'
AMDEPBACKSLASH='\'
AMDEP_FALSE='#'
AMDEP_TRUE=''
AMTAR='$${TAR-tar}'
AM_BACKSLASH='\'
AM_DEFAULT_V='$(AM_DEFAULT_VERBOSITY)'
AM_DEFAULT_VERBOSITY='1'
AM_V='$(V)'
AR='riscv64-unknown-elf-ar'
AUTOCONF='${SHELL} /C/FreedomStudio/SiFive/freedom-e-sdk-v20.05.00.02/freedom-metal/missing autoconf'
AUTOHEADER='${SHELL} /C/FreedomStudio/SiFive/freedom-e-sdk-v20.05.00.02/freedom-metal/missing autoheader'
AUTOMAKE='${SHELL} /C/FreedomStudio/SiFive/freedom-e-sdk-v20.05.00.02/freedom-metal/missing automake-1.15'
AWK='gawk'
CC='riscv64-unknown-elf-gcc'
CCAS='riscv64-unknown-elf-gcc'
CCASDEPMODE=''
CCASFLAGS='-march=rv32imac -mabi=ilp32 -mcmodel=medlow -ffunction-sections -fdata-sections -I/C/Users/YoungBeom/wsFreedomStudio/qemu_sifive_e31_hello/bsp/install/include --specs=nano.specs -DMTIME_RATE_HZ_DEF=10000000 -Os'
CCDEPMODE='depmode=gcc3'
CFLAGS='-march=rv32imac -mabi=ilp32 -mcmodel=medlow -ffunction-sections -fdata-sections -I/C/Users/YoungBeom/wsFreedomStudio/qemu_sifive_e31_hello/bsp/install/include --specs=nano.specs -DMTIME_RATE_HZ_DEF=10000000 -Os'
CPPFLAGS=''
CYGPATH_W='cygpath -w'
DEFS=''
DEPDIR='.deps'
ECHO_C=''
ECHO_N='-n'
ECHO_T=''
EXEEXT=''
INSTALL_DATA='${INSTALL} -m 644'
INSTALL_PROGRAM='${INSTALL}'
INSTALL_SCRIPT='${INSTALL}'
INSTALL_STRIP_PROGRAM='$(install_sh) -c -s'
LDFLAGS=''
LIBOBJS=''
LIBS=''
LTLIBOBJS=''
MACHINE_HEADER=''
MACHINE_INLINE=''
MAINT='#'
MAINTAINER_MODE_FALSE=''
MAINTAINER_MODE_TRUE='#'
MAKEINFO='${SHELL} /C/FreedomStudio/SiFive/freedom-e-sdk-v20.05.00.02/freedom-metal/missing makeinfo'
MKDIR_P='/usr/bin/mkdir -p'
OBJEXT='o'
PACKAGE='freedom-metal'
PACKAGE_BUGREPORT='https://github.com/sifive/freedom-metal/issues'
PACKAGE_NAME='freedom-metal'
PACKAGE_STRING='freedom-metal v0.1.2'
PACKAGE_TARNAME='freedom-metal'
PACKAGE_URL='https://github.com/sifive/freedom-metal'
PACKAGE_VERSION='v0.1.2'
PATH_SEPARATOR=':'
PLATFORM_HEADER=''
RANLIB='riscv64-unknown-elf-ranlib'
SET_MAKE=''
SHELL='/bin/sh'
STRIP='riscv64-unknown-elf-strip'
VERSION='v0.1.2'
WITH_BUILTIN_LIBGLOSS_FALSE=''
WITH_BUILTIN_LIBGLOSS_TRUE=''
WITH_BUILTIN_LIBMETAL_PICO_FALSE=''
WITH_BUILTIN_LIBMETAL_PICO_TRUE=''
ac_ct_AR=''
ac_ct_CC=''
am__EXEEXT_FALSE=''
am__EXEEXT_TRUE=''
am__fastdepCCAS_FALSE=''
am__fastdepCCAS_TRUE=''
am__fastdepCC_FALSE='#'
am__fastdepCC_TRUE=''
am__include='include'
am__isrc=' -I$(srcdir)'
am__leading_dot='.'
am__nodep='_no'
am__quote=''
am__tar='$${TAR-tar} chof - "$$tardir"'
am__untar='$${TAR-tar} xf -'
bindir='${exec_prefix}/bin'
build='x86_64-pc-msys'
build_alias=''
build_cpu='x86_64'
build_os='msys'
build_vendor='pc'
datadir='${datarootdir}'
datarootdir='${prefix}/share'
docdir='${datarootdir}/doc/${PACKAGE_TARNAME}'
dvidir='${docdir}'
exec_prefix='NONE'
host='riscv64-unknown-elf'
host_alias='riscv64-unknown-elf'
host_cpu='riscv64'
host_os='elf'
host_vendor='unknown'
htmldir='${docdir}'
includedir='${prefix}/include'
infodir='${datarootdir}/info'
install_sh='${SHELL} /C/FreedomStudio/SiFive/freedom-e-sdk-v20.05.00.02/freedom-metal/install-sh'
libdir='/C/Users/YoungBeom/wsFreedomStudio/qemu_sifive_e31_hello/bsp/install/lib/release'
libexecdir='${exec_prefix}/libexec'
localedir='${datarootdir}/locale'
localstatedir='${prefix}/var'
mandir='${datarootdir}/man'
mkdir_p='$(MKDIR_P)'
oldincludedir='/usr/include'
pdfdir='${docdir}'
prefix='/C/Users/YoungBeom/wsFreedomStudio/qemu_sifive_e31_hello/bsp/install'
program_transform_name='s,x,x,'
psdir='${docdir}'
runstatedir='${localstatedir}/run'
sbindir='${exec_prefix}/sbin'
sharedstatedir='${prefix}/com'
sysconfdir='${prefix}/etc'
target_alias=''

configure: exit 1
